[2023-11-15T13:58:19.188+0000] {taskinstance.py:1125} INFO - Dependencies all met for dep_context=non-requeueable deps ti=<TaskInstance: peliculas_dag.export_data_to_xcom manual__2023-11-15T13:58:09.927102+00:00 [queued]>
[2023-11-15T13:58:19.197+0000] {taskinstance.py:1125} INFO - Dependencies all met for dep_context=requeueable deps ti=<TaskInstance: peliculas_dag.export_data_to_xcom manual__2023-11-15T13:58:09.927102+00:00 [queued]>
[2023-11-15T13:58:19.197+0000] {taskinstance.py:1331} INFO - Starting attempt 1 of 6
[2023-11-15T13:58:19.223+0000] {taskinstance.py:1350} INFO - Executing <Task(PythonOperator): export_data_to_xcom> on 2023-11-15 13:58:09.927102+00:00
[2023-11-15T13:58:19.228+0000] {standard_task_runner.py:57} INFO - Started process 95 to run task
[2023-11-15T13:58:19.233+0000] {standard_task_runner.py:84} INFO - Running: ['***', 'tasks', 'run', 'peliculas_dag', 'export_data_to_xcom', 'manual__2023-11-15T13:58:09.927102+00:00', '--job-id', '58', '--raw', '--subdir', 'DAGS_FOLDER/peliculas_dag.py', '--cfg-path', '/tmp/tmpx1uipt5a']
[2023-11-15T13:58:19.234+0000] {standard_task_runner.py:85} INFO - Job 58: Subtask export_data_to_xcom
[2023-11-15T13:58:19.281+0000] {task_command.py:410} INFO - Running <TaskInstance: peliculas_dag.export_data_to_xcom manual__2023-11-15T13:58:09.927102+00:00 [running]> on host b604b9149076
[2023-11-15T13:58:19.381+0000] {taskinstance.py:1570} INFO - Exporting env vars: AIRFLOW_CTX_DAG_OWNER='cristian' AIRFLOW_CTX_DAG_ID='peliculas_dag' AIRFLOW_CTX_TASK_ID='export_data_to_xcom' AIRFLOW_CTX_EXECUTION_DATE='2023-11-15T13:58:09.927102+00:00' AIRFLOW_CTX_TRY_NUMBER='1' AIRFLOW_CTX_DAG_RUN_ID='manual__2023-11-15T13:58:09.927102+00:00'
[2023-11-15T13:58:19.384+0000] {python.py:183} INFO - Done. Returned value was: {{ task_instance.xcom_pull(task_ids='export_data_to_xcom', dag_id='adhoc_airflow', key='return_value') }}
[2023-11-15T13:58:19.392+0000] {xcom.py:640} ERROR - Object of type PlainXComArg is not JSON serializable. If you are using pickle instead of JSON for XCom, then you need to enable pickle support for XCom in your *** config or make sure to decorate your object with attr.
[2023-11-15T13:58:19.394+0000] {taskinstance.py:1847} ERROR - Task failed with exception
Traceback (most recent call last):
  File "/home/airflow/.local/lib/python3.7/site-packages/airflow/utils/json.py", line 91, in default
    return serialize(o)
  File "/home/airflow/.local/lib/python3.7/site-packages/airflow/serialization/serde.py", line 171, in serialize
    raise TypeError(f"cannot serialize object of type {cls}")
TypeError: cannot serialize object of type <class '***.models.xcom_arg.PlainXComArg'>

During handling of the above exception, another exception occurred:

Traceback (most recent call last):
  File "/home/airflow/.local/lib/python3.7/site-packages/airflow/utils/session.py", line 73, in wrapper
    return func(*args, **kwargs)
  File "/home/airflow/.local/lib/python3.7/site-packages/airflow/models/taskinstance.py", line 2384, in xcom_push
    session=session,
  File "/home/airflow/.local/lib/python3.7/site-packages/airflow/utils/session.py", line 73, in wrapper
    return func(*args, **kwargs)
  File "/home/airflow/.local/lib/python3.7/site-packages/airflow/models/xcom.py", line 243, in set
    map_index=map_index,
  File "/home/airflow/.local/lib/python3.7/site-packages/airflow/models/xcom.py", line 632, in serialize_value
    return json.dumps(value, cls=XComEncoder).encode("UTF-8")
  File "/usr/local/lib/python3.7/json/__init__.py", line 238, in dumps
    **kw).encode(obj)
  File "/home/airflow/.local/lib/python3.7/site-packages/airflow/utils/json.py", line 104, in encode
    return super().encode(o)
  File "/usr/local/lib/python3.7/json/encoder.py", line 199, in encode
    chunks = self.iterencode(o, _one_shot=True)
  File "/usr/local/lib/python3.7/json/encoder.py", line 257, in iterencode
    return _iterencode(o, 0)
  File "/home/airflow/.local/lib/python3.7/site-packages/airflow/utils/json.py", line 93, in default
    return super().default(o)
  File "/usr/local/lib/python3.7/json/encoder.py", line 179, in default
    raise TypeError(f'Object of type {o.__class__.__name__} '
TypeError: Object of type PlainXComArg is not JSON serializable
[2023-11-15T13:58:19.403+0000] {taskinstance.py:1373} INFO - Marking task as UP_FOR_RETRY. dag_id=peliculas_dag, task_id=export_data_to_xcom, execution_date=20231115T135809, start_date=20231115T135819, end_date=20231115T135819
[2023-11-15T13:58:19.416+0000] {standard_task_runner.py:109} ERROR - Failed to execute job 58 for task export_data_to_xcom (Object of type PlainXComArg is not JSON serializable; 95)
[2023-11-15T13:58:19.444+0000] {local_task_job_runner.py:232} INFO - Task exited with return code 1
[2023-11-15T13:58:19.464+0000] {taskinstance.py:2674} INFO - 0 downstream tasks scheduled from follow-on schedule check
