[2023-11-15T14:49:52.157+0000] {taskinstance.py:1125} INFO - Dependencies all met for dep_context=non-requeueable deps ti=<TaskInstance: peliculas_dag.export_data_to_xcom manual__2023-11-15T14:49:41.225073+00:00 [queued]>
[2023-11-15T14:49:52.171+0000] {taskinstance.py:1125} INFO - Dependencies all met for dep_context=requeueable deps ti=<TaskInstance: peliculas_dag.export_data_to_xcom manual__2023-11-15T14:49:41.225073+00:00 [queued]>
[2023-11-15T14:49:52.172+0000] {taskinstance.py:1331} INFO - Starting attempt 1 of 6
[2023-11-15T14:49:52.206+0000] {taskinstance.py:1350} INFO - Executing <Task(PythonOperator): export_data_to_xcom> on 2023-11-15 14:49:41.225073+00:00
[2023-11-15T14:49:52.214+0000] {standard_task_runner.py:57} INFO - Started process 144 to run task
[2023-11-15T14:49:52.220+0000] {standard_task_runner.py:84} INFO - Running: ['***', 'tasks', 'run', 'peliculas_dag', 'export_data_to_xcom', 'manual__2023-11-15T14:49:41.225073+00:00', '--job-id', '154', '--raw', '--subdir', 'DAGS_FOLDER/peliculas_dag.py', '--cfg-path', '/tmp/tmp6y0tgemz']
[2023-11-15T14:49:52.221+0000] {standard_task_runner.py:85} INFO - Job 154: Subtask export_data_to_xcom
[2023-11-15T14:49:52.291+0000] {task_command.py:410} INFO - Running <TaskInstance: peliculas_dag.export_data_to_xcom manual__2023-11-15T14:49:41.225073+00:00 [running]> on host b604b9149076
[2023-11-15T14:49:52.455+0000] {taskinstance.py:1570} INFO - Exporting env vars: AIRFLOW_CTX_DAG_OWNER='cristian' AIRFLOW_CTX_DAG_ID='peliculas_dag' AIRFLOW_CTX_TASK_ID='export_data_to_xcom' AIRFLOW_CTX_EXECUTION_DATE='2023-11-15T14:49:41.225073+00:00' AIRFLOW_CTX_TRY_NUMBER='1' AIRFLOW_CTX_DAG_RUN_ID='manual__2023-11-15T14:49:41.225073+00:00'
[2023-11-15T14:49:52.460+0000] {python.py:183} INFO - Done. Returned value was: {{ task_instance.xcom_pull(task_ids='export_data_to_xcom', dag_id='adhoc_airflow', key='return_value') }}
[2023-11-15T14:49:52.472+0000] {xcom.py:640} ERROR - Object of type PlainXComArg is not JSON serializable. If you are using pickle instead of JSON for XCom, then you need to enable pickle support for XCom in your *** config or make sure to decorate your object with attr.
[2023-11-15T14:49:52.474+0000] {taskinstance.py:1847} ERROR - Task failed with exception
Traceback (most recent call last):
  File "/home/airflow/.local/lib/python3.7/site-packages/airflow/utils/json.py", line 91, in default
    return serialize(o)
  File "/home/airflow/.local/lib/python3.7/site-packages/airflow/serialization/serde.py", line 171, in serialize
    raise TypeError(f"cannot serialize object of type {cls}")
TypeError: cannot serialize object of type <class '***.models.xcom_arg.PlainXComArg'>

During handling of the above exception, another exception occurred:

Traceback (most recent call last):
  File "/home/airflow/.local/lib/python3.7/site-packages/airflow/utils/session.py", line 73, in wrapper
    return func(*args, **kwargs)
  File "/home/airflow/.local/lib/python3.7/site-packages/airflow/models/taskinstance.py", line 2384, in xcom_push
    session=session,
  File "/home/airflow/.local/lib/python3.7/site-packages/airflow/utils/session.py", line 73, in wrapper
    return func(*args, **kwargs)
  File "/home/airflow/.local/lib/python3.7/site-packages/airflow/models/xcom.py", line 243, in set
    map_index=map_index,
  File "/home/airflow/.local/lib/python3.7/site-packages/airflow/models/xcom.py", line 632, in serialize_value
    return json.dumps(value, cls=XComEncoder).encode("UTF-8")
  File "/usr/local/lib/python3.7/json/__init__.py", line 238, in dumps
    **kw).encode(obj)
  File "/home/airflow/.local/lib/python3.7/site-packages/airflow/utils/json.py", line 104, in encode
    return super().encode(o)
  File "/usr/local/lib/python3.7/json/encoder.py", line 199, in encode
    chunks = self.iterencode(o, _one_shot=True)
  File "/usr/local/lib/python3.7/json/encoder.py", line 257, in iterencode
    return _iterencode(o, 0)
  File "/home/airflow/.local/lib/python3.7/site-packages/airflow/utils/json.py", line 93, in default
    return super().default(o)
  File "/usr/local/lib/python3.7/json/encoder.py", line 179, in default
    raise TypeError(f'Object of type {o.__class__.__name__} '
TypeError: Object of type PlainXComArg is not JSON serializable
[2023-11-15T14:49:52.488+0000] {taskinstance.py:1373} INFO - Marking task as UP_FOR_RETRY. dag_id=peliculas_dag, task_id=export_data_to_xcom, execution_date=20231115T144941, start_date=20231115T144952, end_date=20231115T144952
[2023-11-15T14:49:52.507+0000] {standard_task_runner.py:109} ERROR - Failed to execute job 154 for task export_data_to_xcom (Object of type PlainXComArg is not JSON serializable; 144)
[2023-11-15T14:49:52.552+0000] {local_task_job_runner.py:232} INFO - Task exited with return code 1
[2023-11-15T14:49:52.644+0000] {taskinstance.py:2674} INFO - 0 downstream tasks scheduled from follow-on schedule check
